
2023-01-08 12:46:56,830 ERROR t.s.PersonServiceImpl [http-nio-8080-exec-2] Person is not found in this DB 
2023-01-08 12:50:43,123 ERROR t.s.DepartmentServiceImpl [http-nio-8080-exec-1] Department is not found in this DB
2023-01-08 12:52:20,662 ERROR t.s.DepartmentServiceImpl [http-nio-8080-exec-1] Department is not found in this DB
2023-01-08 12:56:49,835 ERROR t.e.PersonExceptionGlobalHandler [http-nio-8080-exec-2] This request is bad! It is not working
2023-01-30 09:47:16,946 ERROR t.s.PersonServiceImpl [http-nio-8080-exec-4] Person is not found in this DB 
2023-01-30 09:47:20,041 ERROR t.e.PersonExceptionGlobalHandler [http-nio-8080-exec-4] Person is not found in this DB 
2023-01-30 09:51:46,371 ERROR t.s.PersonServiceImpl [http-nio-8080-exec-7] Person is not found in this DB 
2023-01-30 09:51:50,386 ERROR t.e.PersonExceptionGlobalHandler [http-nio-8080-exec-7] Person is not found in this DB 
2023-01-30 11:37:24,344 ERROR t.e.PersonExceptionGlobalHandler [http-nio-8080-exec-2] Person is not found in this DB 
2023-01-30 11:39:00,233 ERROR t.s.PersonServiceImpl [http-nio-8080-exec-1] Person is not found in this DB 
2023-01-30 11:39:00,235 ERROR t.e.PersonExceptionGlobalHandler [http-nio-8080-exec-1] Person is not found in this DB 
2023-01-30 11:40:27,251 ERROR t.e.PersonExceptionGlobalHandler [http-nio-8080-exec-2] Person is not found in this DB 
2023-01-30 11:47:49,047 ERROR t.e.PersonExceptionGlobalHandler [http-nio-8080-exec-1] Person is not found in this DB 
2023-01-30 11:48:20,602 ERROR t.s.PersonServiceImpl [http-nio-8080-exec-3] Person is not found in this DB 
2023-01-30 11:48:23,297 ERROR t.e.PersonExceptionGlobalHandler [http-nio-8080-exec-3] Person is not found in this DB 
2023-01-30 11:50:56,297 ERROR t.e.PersonExceptionGlobalHandler [http-nio-8080-exec-7] This request is bad! It is not working
2023-01-30 11:51:56,954 ERROR t.e.PersonExceptionGlobalHandler [http-nio-8080-exec-9] This request is bad! It is not working
2023-01-30 11:53:20,311 ERROR t.e.PersonExceptionGlobalHandler [http-nio-8080-exec-2] This request is bad! It is not working
2023-01-30 11:55:22,488 ERROR t.e.PersonExceptionGlobalHandler [http-nio-8080-exec-4] This request is bad! It is not working
2023-01-30 12:01:36,718 ERROR t.e.PersonExceptionGlobalHandler [http-nio-8080-exec-3] Department is not found in this DB
2023-01-30 12:05:15,069 ERROR t.e.PersonExceptionGlobalHandler [http-nio-8080-exec-1] Department is not found in this DB
2023-01-30 12:25:53,634 ERROR t.e.PersonExceptionGlobalHandler [http-nio-8080-exec-5] Department is not found in this DB
2023-01-31 13:20:01,251 ERROR t.e.PersonExceptionGlobalHandler [http-nio-8080-exec-3] This request is bad! It is not working
2023-02-01 11:35:07,943 ERROR t.e.PersonExceptionGlobalHandler [http-nio-8080-exec-2] This request is bad! It is not working
2023-02-01 11:36:33,760 ERROR t.e.PersonExceptionGlobalHandler [http-nio-8080-exec-4] This request is bad! It is not working
